2024-08-20 19:20:08,234 categ [FATAL] this is an emerg msg
2024-08-20 19:20:08,234 categ [FATAL] this is a fatal msg
2024-08-20 19:20:08,234 categ [ALERT] this is an alert msg
2024-08-20 19:20:08,234 categ [CRIT] this is a crit msg
2024-08-20 19:20:08,234 categ [ERROR] this is an error msg
2024-08-20 19:20:08,234 categ [WARN] this is a warn msg
2024-08-20 19:20:08,234 categ [NOTICE] this is a notice msg
2024-08-20 19:20:08,234 categ [INFO] this is a info msg
2024-08-20 19:20:08,234 categ [FATAL] this is an emerg msg
2024-08-20 19:20:08,234 categ [FATAL] this is a fatal msg
2024-08-20 19:20:08,234 categ [ALERT] this is an alert msg
2024-08-20 19:20:08,234 categ [CRIT] this is a crit msg
2024-08-20 19:20:08,234 categ [ERROR] this is an error msg
2024-08-20 19:20:08,234 categ [WARN] this is a warn msg
2024-08-20 19:20:08,234 categ [NOTICE] this is a notice msg
2024-08-20 19:20:08,234 categ [INFO] this is a info msg
2024-08-20 19:20:08,234 categ [FATAL] this is an emerg msg
2024-08-20 19:20:08,234 categ [FATAL] this is a fatal msg
2024-08-20 19:20:08,234 categ [ALERT] this is an alert msg
2024-08-20 19:20:08,234 categ [CRIT] this is a crit msg
2024-08-20 19:20:08,234 categ [ERROR] this is an error msg
2024-08-20 19:20:08,234 categ [WARN] this is a warn msg
2024-08-20 19:20:08,234 categ [NOTICE] this is a notice msg
2024-08-20 19:20:08,234 categ [INFO] this is a info msg
2024-08-20 19:20:08,234 categ [FATAL] this is an emerg msg
2024-08-20 19:20:08,234 categ [FATAL] this is a fatal msg
2024-08-20 19:20:08,234 categ [ALERT] this is an alert msg
2024-08-20 19:20:08,234 categ [CRIT] this is a crit msg
2024-08-20 19:20:08,234 categ [ERROR] this is an error msg
2024-08-20 19:20:08,235 categ [WARN] this is a warn msg
2024-08-20 19:20:08,235 categ [NOTICE] this is a notice msg
2024-08-20 19:20:08,235 categ [INFO] this is a info msg
2024-08-20 19:20:08,235 categ [FATAL] this is an emerg msg
2024-08-20 19:20:08,235 categ [FATAL] this is a fatal msg
2024-08-20 19:20:08,235 categ [ALERT] this is an alert msg
2024-08-20 19:20:08,235 categ [CRIT] this is a crit msg
2024-08-20 19:20:08,235 categ [ERROR] this is an error msg
2024-08-20 19:20:08,235 categ [WARN] this is a warn msg
2024-08-20 19:20:08,235 categ [NOTICE] this is a notice msg
2024-08-20 19:20:08,235 categ [INFO] this is a info msg
2024-08-20 19:20:08,235 categ [FATAL] this is an emerg msg
2024-08-20 19:20:08,235 categ [FATAL] this is a fatal msg
2024-08-20 19:20:08,235 categ [ALERT] this is an alert msg
2024-08-20 19:20:08,235 categ [CRIT] this is a crit msg
2024-08-20 19:20:08,235 categ [ERROR] this is an error msg
2024-08-20 19:20:08,235 categ [WARN] this is a warn msg
2024-08-20 19:20:08,235 categ [NOTICE] this is a notice msg
2024-08-20 19:20:08,235 categ [INFO] this is a info msg
2024-08-20 19:20:08,235 categ [FATAL] this is an emerg msg
2024-08-20 19:20:08,235 categ [FATAL] this is a fatal msg
2024-08-20 19:20:08,235 categ [ALERT] this is an alert msg
2024-08-20 19:20:08,235 categ [CRIT] this is a crit msg
2024-08-20 19:20:08,235 categ [ERROR] this is an error msg
2024-08-20 19:20:08,235 categ [WARN] this is a warn msg
2024-08-20 19:20:08,236 categ [NOTICE] this is a notice msg
2024-08-20 19:20:08,236 categ [INFO] this is a info msg
2024-08-20 19:20:08,236 categ [FATAL] this is an emerg msg
2024-08-20 19:20:08,236 categ [FATAL] this is a fatal msg
2024-08-20 19:20:08,236 categ [ALERT] this is an alert msg
2024-08-20 19:20:08,236 categ [CRIT] this is a crit msg
2024-08-20 19:20:08,236 categ [ERROR] this is an error msg
2024-08-20 19:20:08,236 categ [WARN] this is a warn msg
2024-08-20 19:20:08,236 categ [NOTICE] this is a notice msg
2024-08-20 19:20:08,236 categ [INFO] this is a info msg
2024-08-20 19:20:08,236 categ [FATAL] this is an emerg msg
2024-08-20 19:20:08,236 categ [FATAL] this is a fatal msg
2024-08-20 19:20:08,236 categ [ALERT] this is an alert msg
2024-08-20 19:20:08,236 categ [CRIT] this is a crit msg
2024-08-20 19:20:08,236 categ [ERROR] this is an error msg
2024-08-20 19:20:08,236 categ [WARN] this is a warn msg
2024-08-20 19:20:08,236 categ [NOTICE] this is a notice msg
2024-08-20 19:20:08,236 categ [INFO] this is a info msg
2024-08-20 19:20:08,236 categ [FATAL] this is an emerg msg
2024-08-20 19:20:08,236 categ [FATAL] this is a fatal msg
2024-08-20 19:20:08,236 categ [ALERT] this is an alert msg
2024-08-20 19:20:08,236 categ [CRIT] this is a crit msg
2024-08-20 19:20:08,236 categ [ERROR] this is an error msg
2024-08-20 19:20:08,236 categ [WARN] this is a warn msg
2024-08-20 19:20:08,236 categ [NOTICE] this is a notice msg
2024-08-20 19:20:08,236 categ [INFO] this is a info msg
2024-08-20 19:20:08,236 categ [FATAL] this is an emerg msg
2024-08-20 19:20:08,236 categ [FATAL] this is a fatal msg
2024-08-20 19:20:08,236 categ [ALERT] this is an alert msg
2024-08-20 19:20:08,236 categ [CRIT] this is a crit msg
2024-08-20 19:20:08,236 categ [ERROR] this is an error msg
2024-08-20 19:20:08,236 categ [WARN] this is a warn msg
2024-08-20 19:20:08,236 categ [NOTICE] this is a notice msg
2024-08-20 19:20:08,236 categ [INFO] this is a info msg
2024-08-20 19:20:08,236 categ [FATAL] this is an emerg msg
2024-08-20 19:20:08,237 categ [FATAL] this is a fatal msg
2024-08-20 19:20:08,237 categ [ALERT] this is an alert msg
2024-08-20 19:20:08,237 categ [CRIT] this is a crit msg
2024-08-20 19:20:08,237 categ [ERROR] this is an error msg
2024-08-20 19:20:08,237 categ [WARN] this is a warn msg
2024-08-20 19:20:08,237 categ [NOTICE] this is a notice msg
2024-08-20 19:20:08,237 categ [INFO] this is a info msg
2024-08-20 19:20:08,237 categ [FATAL] this is an emerg msg
2024-08-20 19:20:08,237 categ [FATAL] this is a fatal msg
2024-08-20 19:20:08,237 categ [ALERT] this is an alert msg
2024-08-20 19:20:08,237 categ [CRIT] this is a crit msg
2024-08-20 19:20:08,237 categ [ERROR] this is an error msg
2024-08-20 19:20:08,237 categ [WARN] this is a warn msg
2024-08-20 19:20:08,237 categ [NOTICE] this is a notice msg
2024-08-20 19:20:08,237 categ [INFO] this is a info msg
2024-08-20 19:20:08,237 categ [FATAL] this is an emerg msg
2024-08-20 19:20:08,237 categ [FATAL] this is a fatal msg
2024-08-20 19:20:08,237 categ [ALERT] this is an alert msg
2024-08-20 19:20:08,237 categ [CRIT] this is a crit msg
2024-08-20 19:20:08,237 categ [ERROR] this is an error msg
2024-08-20 19:20:08,237 categ [WARN] this is a warn msg
2024-08-20 19:20:08,237 categ [NOTICE] this is a notice msg
2024-08-20 19:20:08,237 categ [INFO] this is a info msg
2024-08-20 19:20:08,237 categ [FATAL] this is an emerg msg
2024-08-20 19:20:08,237 categ [FATAL] this is a fatal msg
2024-08-20 19:20:08,237 categ [ALERT] this is an alert msg
2024-08-20 19:20:08,237 categ [CRIT] this is a crit msg
2024-08-20 19:20:08,237 categ [ERROR] this is an error msg
2024-08-20 19:20:08,237 categ [WARN] this is a warn msg
2024-08-20 19:20:08,237 categ [NOTICE] this is a notice msg
2024-08-20 19:20:08,237 categ [INFO] this is a info msg
2024-08-20 19:20:08,237 categ [FATAL] this is an emerg msg
2024-08-20 19:20:08,237 categ [FATAL] this is a fatal msg
2024-08-20 19:20:08,237 categ [ALERT] this is an alert msg
2024-08-20 19:20:08,237 categ [CRIT] this is a crit msg
2024-08-20 19:20:08,237 categ [ERROR] this is an error msg
2024-08-20 19:20:08,237 categ [WARN] this is a warn msg
2024-08-20 19:20:08,237 categ [NOTICE] this is a notice msg
2024-08-20 19:20:08,237 categ [INFO] this is a info msg
2024-08-20 19:20:08,237 categ [FATAL] this is an emerg msg
2024-08-20 19:20:08,237 categ [FATAL] this is a fatal msg
2024-08-20 19:20:08,237 categ [ALERT] this is an alert msg
2024-08-20 19:20:08,237 categ [CRIT] this is a crit msg
2024-08-20 19:20:08,237 categ [ERROR] this is an error msg
2024-08-20 19:20:08,237 categ [WARN] this is a warn msg
2024-08-20 19:20:08,237 categ [NOTICE] this is a notice msg
2024-08-20 19:20:08,237 categ [INFO] this is a info msg
2024-08-20 19:20:08,237 categ [FATAL] this is an emerg msg
2024-08-20 19:20:08,238 categ [FATAL] this is a fatal msg
2024-08-20 19:20:08,238 categ [ALERT] this is an alert msg
2024-08-20 19:20:08,238 categ [CRIT] this is a crit msg
2024-08-20 19:20:08,238 categ [ERROR] this is an error msg
2024-08-20 19:20:08,238 categ [WARN] this is a warn msg
2024-08-20 19:20:08,238 categ [NOTICE] this is a notice msg
2024-08-20 19:20:08,238 categ [INFO] this is a info msg
2024-08-20 19:20:08,238 categ [FATAL] this is an emerg msg
2024-08-20 19:20:08,238 categ [FATAL] this is a fatal msg
2024-08-20 19:20:08,238 categ [ALERT] this is an alert msg
2024-08-20 19:20:08,238 categ [CRIT] this is a crit msg
2024-08-20 19:20:08,238 categ [ERROR] this is an error msg
2024-08-20 19:20:08,238 categ [WARN] this is a warn msg
2024-08-20 19:20:08,238 categ [NOTICE] this is a notice msg
2024-08-20 19:20:08,238 categ [INFO] this is a info msg
2024-08-20 19:20:08,238 categ [FATAL] this is an emerg msg
2024-08-20 19:20:08,238 categ [FATAL] this is a fatal msg
2024-08-20 19:20:08,238 categ [ALERT] this is an alert msg
2024-08-20 19:20:08,238 categ [CRIT] this is a crit msg
2024-08-20 19:20:08,238 categ [ERROR] this is an error msg
2024-08-20 19:20:08,238 categ [WARN] this is a warn msg
2024-08-20 19:20:08,238 categ [NOTICE] this is a notice msg
2024-08-20 19:20:08,238 categ [INFO] this is a info msg
2024-08-20 19:20:08,238 categ [FATAL] this is an emerg msg
2024-08-20 19:20:08,238 categ [FATAL] this is a fatal msg
2024-08-20 19:20:08,238 categ [ALERT] this is an alert msg
2024-08-20 19:20:08,238 categ [CRIT] this is a crit msg
2024-08-20 19:20:08,238 categ [ERROR] this is an error msg
2024-08-20 19:20:08,238 categ [WARN] this is a warn msg
2024-08-20 19:20:08,238 categ [NOTICE] this is a notice msg
2024-08-20 19:20:08,238 categ [INFO] this is a info msg
2024-08-20 19:20:08,239 categ [FATAL] this is an emerg msg
2024-08-20 19:20:08,239 categ [FATAL] this is a fatal msg
2024-08-20 19:20:08,239 categ [ALERT] this is an alert msg
2024-08-20 19:20:08,239 categ [CRIT] this is a crit msg
2024-08-20 19:20:08,239 categ [ERROR] this is an error msg
2024-08-20 19:20:08,239 categ [WARN] this is a warn msg
2024-08-20 19:20:08,239 categ [NOTICE] this is a notice msg
2024-08-20 19:20:08,239 categ [INFO] this is a info msg
2024-08-20 19:20:08,239 categ [FATAL] this is an emerg msg
2024-08-20 19:20:08,239 categ [FATAL] this is a fatal msg
2024-08-20 19:20:08,239 categ [ALERT] this is an alert msg
2024-08-20 19:20:08,239 categ [CRIT] this is a crit msg
2024-08-20 19:20:08,239 categ [ERROR] this is an error msg
2024-08-20 19:20:08,239 categ [WARN] this is a warn msg
2024-08-20 19:20:08,239 categ [NOTICE] this is a notice msg
2024-08-20 19:20:08,239 categ [INFO] this is a info msg
2024-08-20 19:20:08,239 categ [FATAL] this is an emerg msg
2024-08-20 19:20:08,239 categ [FATAL] this is a fatal msg
2024-08-20 19:20:08,239 categ [ALERT] this is an alert msg
2024-08-20 19:20:08,239 categ [CRIT] this is a crit msg
2024-08-20 19:20:08,239 categ [ERROR] this is an error msg
2024-08-20 19:20:08,239 categ [WARN] this is a warn msg
2024-08-20 19:20:08,239 categ [NOTICE] this is a notice msg
2024-08-20 19:20:08,239 categ [INFO] this is a info msg
2024-08-20 19:20:08,239 categ [FATAL] this is an emerg msg
2024-08-20 19:20:08,239 categ [FATAL] this is a fatal msg
2024-08-20 19:20:08,240 categ [ALERT] this is an alert msg
2024-08-20 19:20:08,240 categ [CRIT] this is a crit msg
2024-08-20 19:20:08,240 categ [ERROR] this is an error msg
2024-08-20 19:20:08,240 categ [WARN] this is a warn msg
2024-08-20 19:20:08,240 categ [NOTICE] this is a notice msg
2024-08-20 19:20:08,240 categ [INFO] this is a info msg
2024-08-20 19:20:08,240 categ [FATAL] this is an emerg msg
2024-08-20 19:20:08,240 categ [FATAL] this is a fatal msg
2024-08-20 19:20:08,240 categ [ALERT] this is an alert msg
2024-08-20 19:20:08,240 categ [CRIT] this is a crit msg
2024-08-20 19:20:08,240 categ [ERROR] this is an error msg
2024-08-20 19:20:08,240 categ [WARN] this is a warn msg
2024-08-20 19:20:08,240 categ [NOTICE] this is a notice msg
2024-08-20 19:20:08,240 categ [INFO] this is a info msg
2024-08-20 19:20:08,240 categ [FATAL] this is an emerg msg
2024-08-20 19:20:08,240 categ [FATAL] this is a fatal msg
2024-08-20 19:20:08,240 categ [ALERT] this is an alert msg
2024-08-20 19:20:08,240 categ [CRIT] this is a crit msg
2024-08-20 19:20:08,240 categ [ERROR] this is an error msg
2024-08-20 19:20:08,240 categ [WARN] this is a warn msg
2024-08-20 19:20:08,240 categ [NOTICE] this is a notice msg
2024-08-20 19:20:08,240 categ [INFO] this is a info msg
2024-08-20 19:20:08,240 categ [FATAL] this is an emerg msg
2024-08-20 19:20:08,240 categ [FATAL] this is a fatal msg
2024-08-20 19:20:08,240 categ [ALERT] this is an alert msg
2024-08-20 19:20:08,240 categ [CRIT] this is a crit msg
2024-08-20 19:20:08,240 categ [ERROR] this is an error msg
2024-08-20 19:20:08,240 categ [WARN] this is a warn msg
2024-08-20 19:20:08,240 categ [NOTICE] this is a notice msg
2024-08-20 19:20:08,240 categ [INFO] this is a info msg
2024-08-20 19:20:08,240 categ [FATAL] this is an emerg msg
2024-08-20 19:20:08,240 categ [FATAL] this is a fatal msg
2024-08-20 19:20:08,240 categ [ALERT] this is an alert msg
2024-08-20 19:20:08,240 categ [CRIT] this is a crit msg
2024-08-20 19:20:08,240 categ [ERROR] this is an error msg
2024-08-20 19:20:08,240 categ [WARN] this is a warn msg
2024-08-20 19:20:08,240 categ [NOTICE] this is a notice msg
2024-08-20 19:20:08,240 categ [INFO] this is a info msg
2024-08-20 19:20:08,240 categ [FATAL] this is an emerg msg
2024-08-20 19:20:08,240 categ [FATAL] this is a fatal msg
2024-08-20 19:20:08,240 categ [ALERT] this is an alert msg
2024-08-20 19:20:08,240 categ [CRIT] this is a crit msg
2024-08-20 19:20:08,241 categ [ERROR] this is an error msg
2024-08-20 19:20:08,241 categ [WARN] this is a warn msg
2024-08-20 19:20:08,241 categ [NOTICE] this is a notice msg
2024-08-20 19:20:08,241 categ [INFO] this is a info msg
